<?xml version="1.0" encoding="UTF-8"?>
<testng-results ignored="0" total="5" passed="4" failed="1" skipped="0">
  <reporter-output>
  </reporter-output>
  <suite started-at="2024-02-15T17:26:32 IST" name="Default suite" finished-at="2024-02-15T17:26:43 IST" duration-ms="10908">
    <groups>
    </groups>
    <test started-at="2024-02-15T17:26:32 IST" name="Default test" finished-at="2024-02-15T17:26:43 IST" duration-ms="10908">
      <class name="atmosoltest1.TestClass1">
        <test-method signature="findFlight()[pri:0, instance:atmosoltest1.TestClass1@1a4013]" started-at="2024-02-15T17:26:32 IST" name="findFlight" finished-at="2024-02-15T17:26:32 IST" duration-ms="15" status="PASS">
          <reporter-output>
          </reporter-output>
        </test-method> <!-- findFlight -->
        <test-method signature="getTitle()[pri:0, instance:atmosoltest1.TestClass1@1a4013]" started-at="2024-02-15T17:26:32 IST" name="getTitle" finished-at="2024-02-15T17:26:32 IST" duration-ms="8" status="FAIL">
          <exception class="java.lang.NullPointerException">
            <message>
              <![CDATA[Cannot invoke "org.openqa.selenium.WebDriver.findElement(org.openqa.selenium.By)" because "atmosoltest1.TestClass1.driver" is null]]>
            </message>
            <full-stacktrace>
              <![CDATA[java.lang.NullPointerException: Cannot invoke "org.openqa.selenium.WebDriver.findElement(org.openqa.selenium.By)" because "atmosoltest1.TestClass1.driver" is null
at atmosoltest1.TestClass1.getTitle(TestClass1.java:26)
at java.base/jdk.internal.reflect.NativeMethodAccessorImpl.invoke0(Native Method)
at java.base/jdk.internal.reflect.NativeMethodAccessorImpl.invoke(NativeMethodAccessorImpl.java:77)
at java.base/jdk.internal.reflect.DelegatingMethodAccessorImpl.invoke(DelegatingMethodAccessorImpl.java:43)
at java.base/java.lang.reflect.Method.invoke(Method.java:568)
at org.testng.internal.MethodInvocationHelper.invokeMethod(MethodInvocationHelper.java:132)
at org.testng.internal.TestInvoker.invokeMethod(TestInvoker.java:599)
at org.testng.internal.TestInvoker.invokeTestMethod(TestInvoker.java:174)
at org.testng.internal.MethodRunner.runInSequence(MethodRunner.java:46)
at org.testng.internal.TestInvoker$MethodInvocationAgent.invoke(TestInvoker.java:822)
at org.testng.internal.TestInvoker.invokeTestMethods(TestInvoker.java:147)
at org.testng.internal.TestMethodWorker.invokeTestMethods(TestMethodWorker.java:146)
at org.testng.internal.TestMethodWorker.run(TestMethodWorker.java:128)
at java.base/java.util.ArrayList.forEach(ArrayList.java:1511)
at org.testng.TestRunner.privateRun(TestRunner.java:764)
at org.testng.TestRunner.run(TestRunner.java:585)
at org.testng.SuiteRunner.runTest(SuiteRunner.java:384)
at org.testng.SuiteRunner.runSequentially(SuiteRunner.java:378)
at org.testng.SuiteRunner.privateRun(SuiteRunner.java:337)
at org.testng.SuiteRunner.run(SuiteRunner.java:286)
at org.testng.SuiteRunnerWorker.runSuite(SuiteRunnerWorker.java:53)
at org.testng.SuiteRunnerWorker.run(SuiteRunnerWorker.java:96)
at org.testng.TestNG.runSuitesSequentially(TestNG.java:1218)
at org.testng.TestNG.runSuitesLocally(TestNG.java:1140)
at org.testng.TestNG.runSuites(TestNG.java:1069)
at org.testng.TestNG.run(TestNG.java:1037)
at org.testng.remote.AbstractRemoteTestNG.run(AbstractRemoteTestNG.java:115)
at org.testng.remote.RemoteTestNG.initAndRun(RemoteTestNG.java:251)
at org.testng.remote.RemoteTestNG.main(RemoteTestNG.java:77)
]]>
            </full-stacktrace>
          </exception> <!-- java.lang.NullPointerException -->
          <reporter-output>
          </reporter-output>
        </test-method> <!-- getTitle -->
        <test-method signature="initBrowser()[pri:0, instance:atmosoltest1.TestClass1@1a4013]" started-at="2024-02-15T17:26:32 IST" name="initBrowser" finished-at="2024-02-15T17:26:38 IST" duration-ms="5830" status="PASS">
          <reporter-output>
          </reporter-output>
        </test-method> <!-- initBrowser -->
        <test-method signature="newTab()[pri:0, instance:atmosoltest1.TestClass1@1a4013]" started-at="2024-02-15T17:26:38 IST" name="newTab" finished-at="2024-02-15T17:26:40 IST" duration-ms="2293" status="PASS">
          <reporter-output>
          </reporter-output>
        </test-method> <!-- newTab -->
        <test-method signature="tickitPurchasing()[pri:0, instance:atmosoltest1.TestClass1@1a4013]" started-at="2024-02-15T17:26:40 IST" name="tickitPurchasing" finished-at="2024-02-15T17:26:43 IST" duration-ms="2686" status="PASS">
          <reporter-output>
          </reporter-output>
        </test-method> <!-- tickitPurchasing -->
      </class> <!-- atmosoltest1.TestClass1 -->
    </test> <!-- Default test -->
  </suite> <!-- Default suite -->
</testng-results>
